2013-02-26 11:29:52,875 [logback configurator timer] INFO  o.e.m.l.configuration.LogPlugin - Java properties (ordered by property name):
2013-02-26 11:29:52,890 [logback configurator timer] INFO  o.e.m.l.configuration.LogPlugin -    awt.toolkit=sun.awt.windows.WToolkit
2013-02-26 11:29:52,890 [logback configurator timer] INFO  o.e.m.l.configuration.LogPlugin -    eclipse.application=org.eclipse.ui.ide.workbench
2013-02-26 11:29:52,890 [logback configurator timer] INFO  o.e.m.l.configuration.LogPlugin -    eclipse.buildId=M20110210-1200
2013-02-26 11:29:52,890 [logback configurator timer] INFO  o.e.m.l.configuration.LogPlugin -    eclipse.commands=-os
win32
-ws
win32
-arch
x86
-showsplash
C:\Program Files\eclipse-java-helios-SR2-win32\\plugins\org.eclipse.platform_3.6.2.v201102101200\splash.bmp
-launcher
C:\Program Files\eclipse-java-helios-SR2-win32\eclipse.exe
-name
Eclipse
--launcher.library
C:\Program Files\eclipse-java-helios-SR2-win32\\plugins/org.eclipse.equinox.launcher.win32.win32.x86_1.1.2.R36x_v20101222\eclipse_1312.dll
-startup
C:\Program Files\eclipse-java-helios-SR2-win32\\plugins/org.eclipse.equinox.launcher_1.1.1.R36x_v20101122_1400.jar
-product
org.eclipse.epp.package.java.product
-vm
C:\Program Files\Java\jre6\bin\client\jvm.dll

2013-02-26 11:29:52,890 [logback configurator timer] INFO  o.e.m.l.configuration.LogPlugin -    eclipse.home.location=file:/C:/Program Files/eclipse-java-helios-SR2-win32/
2013-02-26 11:29:52,890 [logback configurator timer] INFO  o.e.m.l.configuration.LogPlugin -    eclipse.launcher=C:\Program Files\eclipse-java-helios-SR2-win32\eclipse.exe
2013-02-26 11:29:52,890 [logback configurator timer] INFO  o.e.m.l.configuration.LogPlugin -    eclipse.launcher.name=Eclipse
2013-02-26 11:29:52,890 [logback configurator timer] INFO  o.e.m.l.configuration.LogPlugin -    eclipse.p2.data.area=@config.dir/../p2/
2013-02-26 11:29:52,890 [logback configurator timer] INFO  o.e.m.l.configuration.LogPlugin -    eclipse.p2.profile=epp.package.java
2013-02-26 11:29:52,890 [logback configurator timer] INFO  o.e.m.l.configuration.LogPlugin -    eclipse.product=org.eclipse.epp.package.java.product
2013-02-26 11:29:52,890 [logback configurator timer] INFO  o.e.m.l.configuration.LogPlugin -    eclipse.startTime=1361858375406
2013-02-26 11:29:52,890 [logback configurator timer] INFO  o.e.m.l.configuration.LogPlugin -    eclipse.vm=C:\Program Files\Java\jre6\bin\client\jvm.dll
2013-02-26 11:29:52,890 [logback configurator timer] INFO  o.e.m.l.configuration.LogPlugin -    eclipse.vmargs=-Dosgi.requiredJavaVersion=1.5
-Xms40m
-Xmx384m
-XX:MaxPermSize=256M
-Djava.class.path=C:\Program Files\eclipse-java-helios-SR2-win32\\plugins/org.eclipse.equinox.launcher_1.1.1.R36x_v20101122_1400.jar

2013-02-26 11:29:52,890 [logback configurator timer] INFO  o.e.m.l.configuration.LogPlugin -    equinox.use.ds=true
2013-02-26 11:29:52,890 [logback configurator timer] INFO  o.e.m.l.configuration.LogPlugin -    file.encoding=Cp1252
2013-02-26 11:29:52,890 [logback configurator timer] INFO  o.e.m.l.configuration.LogPlugin -    file.encoding.pkg=sun.io
2013-02-26 11:29:52,890 [logback configurator timer] INFO  o.e.m.l.configuration.LogPlugin -    file.separator=\
2013-02-26 11:29:52,890 [logback configurator timer] INFO  o.e.m.l.configuration.LogPlugin -    java.awt.graphicsenv=sun.awt.Win32GraphicsEnvironment
2013-02-26 11:29:52,890 [logback configurator timer] INFO  o.e.m.l.configuration.LogPlugin -    java.awt.printerjob=sun.awt.windows.WPrinterJob
2013-02-26 11:29:52,890 [logback configurator timer] INFO  o.e.m.l.configuration.LogPlugin -    java.class.path=C:\Program Files\eclipse-java-helios-SR2-win32\\plugins/org.eclipse.equinox.launcher_1.1.1.R36x_v20101122_1400.jar
2013-02-26 11:29:52,890 [logback configurator timer] INFO  o.e.m.l.configuration.LogPlugin -    java.class.version=50.0
2013-02-26 11:29:52,890 [logback configurator timer] INFO  o.e.m.l.configuration.LogPlugin -    java.endorsed.dirs=C:\Program Files\Java\jre6\lib\endorsed
2013-02-26 11:29:52,890 [logback configurator timer] INFO  o.e.m.l.configuration.LogPlugin -    java.ext.dirs=C:\Program Files\Java\jre6\lib\ext;C:\WINDOWS\Sun\Java\lib\ext
2013-02-26 11:29:52,890 [logback configurator timer] INFO  o.e.m.l.configuration.LogPlugin -    java.home=C:\Program Files\Java\jre6
2013-02-26 11:29:52,890 [logback configurator timer] INFO  o.e.m.l.configuration.LogPlugin -    java.io.tmpdir=C:\DOCUME~1\satish\LOCALS~1\Temp\
2013-02-26 11:29:52,890 [logback configurator timer] INFO  o.e.m.l.configuration.LogPlugin -    java.library.path=C:\Program Files\eclipse-java-helios-SR2-win32;.;C:\WINDOWS\Sun\Java\bin;C:\WINDOWS\system32;C:\WINDOWS;C:/Program Files/Java/jre6/bin/client;C:/Program Files/Java/jre6/bin;C:/Program Files/Java/jre6/lib/i386;C:\Ruby187\bin;C:\WINDOWS\system32;C:\WINDOWS;C:\WINDOWS\System32\Wbem;C:\WINDOWS\system32\WindowsPowerShell\v1.0;C:\jython2.5.2\Lib;C:\Program Files\MySQL\MySQL Server 5.5\bin;C:\Program Files\apache-maven-2.2.1\bin;C:\Program Files\Java\jdk1.6.0\bin;C:\DevKit\mingw\bin;C:/AWSCloudFormation-1.0.9;C:\Program Files\Bitvise Tunnelier;D:\bin;C:\Program Files\Groovy\Groovy-2.1.0\bin;C:\grails\bin;C:\Program Files\Java\jdk1.6.0\bin;C:\Program Files\Git\bin;C:\DevKit\bin;\cygdrive\c\Ruby187\bin;C:/AWSCloudFormation-1.0.9;;C:\Program Files\eclipse-java-helios-SR2-win32;
2013-02-26 11:29:52,890 [logback configurator timer] INFO  o.e.m.l.configuration.LogPlugin -    java.runtime.name=Java(TM) SE Runtime Environment
2013-02-26 11:29:52,890 [logback configurator timer] INFO  o.e.m.l.configuration.LogPlugin -    java.runtime.version=1.6.0_24-b07
2013-02-26 11:29:52,890 [logback configurator timer] INFO  o.e.m.l.configuration.LogPlugin -    java.specification.name=Java Platform API Specification
2013-02-26 11:29:52,890 [logback configurator timer] INFO  o.e.m.l.configuration.LogPlugin -    java.specification.vendor=Sun Microsystems Inc.
2013-02-26 11:29:52,890 [logback configurator timer] INFO  o.e.m.l.configuration.LogPlugin -    java.specification.version=1.6
2013-02-26 11:29:52,890 [logback configurator timer] INFO  o.e.m.l.configuration.LogPlugin -    java.vendor=Sun Microsystems Inc.
2013-02-26 11:29:52,890 [logback configurator timer] INFO  o.e.m.l.configuration.LogPlugin -    java.vendor.url=http://java.sun.com/
2013-02-26 11:29:52,890 [logback configurator timer] INFO  o.e.m.l.configuration.LogPlugin -    java.vendor.url.bug=http://java.sun.com/cgi-bin/bugreport.cgi
2013-02-26 11:29:52,890 [logback configurator timer] INFO  o.e.m.l.configuration.LogPlugin -    java.version=1.6.0_24
2013-02-26 11:29:52,890 [logback configurator timer] INFO  o.e.m.l.configuration.LogPlugin -    java.vm.info=mixed mode
2013-02-26 11:29:52,890 [logback configurator timer] INFO  o.e.m.l.configuration.LogPlugin -    java.vm.name=Java HotSpot(TM) Client VM
2013-02-26 11:29:52,890 [logback configurator timer] INFO  o.e.m.l.configuration.LogPlugin -    java.vm.specification.name=Java Virtual Machine Specification
2013-02-26 11:29:52,890 [logback configurator timer] INFO  o.e.m.l.configuration.LogPlugin -    java.vm.specification.vendor=Sun Microsystems Inc.
2013-02-26 11:29:52,890 [logback configurator timer] INFO  o.e.m.l.configuration.LogPlugin -    java.vm.specification.version=1.0
2013-02-26 11:29:52,890 [logback configurator timer] INFO  o.e.m.l.configuration.LogPlugin -    java.vm.vendor=Sun Microsystems Inc.
2013-02-26 11:29:52,890 [logback configurator timer] INFO  o.e.m.l.configuration.LogPlugin -    java.vm.version=19.1-b02
2013-02-26 11:29:52,890 [logback configurator timer] INFO  o.e.m.l.configuration.LogPlugin -    line.separator=

2013-02-26 11:29:52,890 [logback configurator timer] INFO  o.e.m.l.configuration.LogPlugin -    org.eclipse.equinox.launcher.splash.handle=394508
2013-02-26 11:29:52,890 [logback configurator timer] INFO  o.e.m.l.configuration.LogPlugin -    org.eclipse.equinox.launcher.splash.location=C:\Program Files\eclipse-java-helios-SR2-win32\\plugins\org.eclipse.platform_3.6.2.v201102101200\splash.bmp
2013-02-26 11:29:52,890 [logback configurator timer] INFO  o.e.m.l.configuration.LogPlugin -    org.eclipse.equinox.simpleconfigurator.configUrl=file:org.eclipse.equinox.simpleconfigurator/bundles.info
2013-02-26 11:29:52,906 [logback configurator timer] INFO  o.e.m.l.configuration.LogPlugin -    org.eclipse.m2e.log.dir=C:\Documents and Settings\satish\Desktop\testrepo\.metadata\.plugins\org.eclipse.m2e.logback.configuration
2013-02-26 11:29:52,906 [logback configurator timer] INFO  o.e.m.l.configuration.LogPlugin -    org.eclipse.update.reconcile=false
2013-02-26 11:29:52,906 [logback configurator timer] INFO  o.e.m.l.configuration.LogPlugin -    org.osgi.framework.executionenvironment=OSGi/Minimum-1.0,OSGi/Minimum-1.1,OSGi/Minimum-1.2,JRE-1.1,J2SE-1.2,J2SE-1.3,J2SE-1.4,J2SE-1.5,JavaSE-1.6
2013-02-26 11:29:52,906 [logback configurator timer] INFO  o.e.m.l.configuration.LogPlugin -    org.osgi.framework.language=en
2013-02-26 11:29:52,906 [logback configurator timer] INFO  o.e.m.l.configuration.LogPlugin -    org.osgi.framework.os.name=WindowsXP
2013-02-26 11:29:52,906 [logback configurator timer] INFO  o.e.m.l.configuration.LogPlugin -    org.osgi.framework.os.version=5.1.0
2013-02-26 11:29:52,906 [logback configurator timer] INFO  o.e.m.l.configuration.LogPlugin -    org.osgi.framework.processor=x86
2013-02-26 11:29:52,906 [logback configurator timer] INFO  o.e.m.l.configuration.LogPlugin -    org.osgi.framework.system.packages=javax.accessibility,javax.activation,javax.activity,javax.annotation,javax.annotation.processing,javax.crypto,javax.crypto.interfaces,javax.crypto.spec,javax.imageio,javax.imageio.event,javax.imageio.metadata,javax.imageio.plugins.bmp,javax.imageio.plugins.jpeg,javax.imageio.spi,javax.imageio.stream,javax.jws,javax.jws.soap,javax.lang.model,javax.lang.model.element,javax.lang.model.type,javax.lang.model.util,javax.management,javax.management.loading,javax.management.modelmbean,javax.management.monitor,javax.management.openmbean,javax.management.relation,javax.management.remote,javax.management.remote.rmi,javax.management.timer,javax.naming,javax.naming.directory,javax.naming.event,javax.naming.ldap,javax.naming.spi,javax.net,javax.net.ssl,javax.print,javax.print.attribute,javax.print.attribute.standard,javax.print.event,javax.rmi,javax.rmi.CORBA,javax.rmi.ssl,javax.script,javax.security.auth,javax.security.auth.callback,javax.security.auth.kerberos,javax.security.auth.login,javax.security.auth.spi,javax.security.auth.x500,javax.security.cert,javax.security.sasl,javax.sound.midi,javax.sound.midi.spi,javax.sound.sampled,javax.sound.sampled.spi,javax.sql,javax.sql.rowset,javax.sql.rowset.serial,javax.sql.rowset.spi,javax.swing,javax.swing.border,javax.swing.colorchooser,javax.swing.event,javax.swing.filechooser,javax.swing.plaf,javax.swing.plaf.basic,javax.swing.plaf.metal,javax.swing.plaf.multi,javax.swing.plaf.synth,javax.swing.table,javax.swing.text,javax.swing.text.html,javax.swing.text.html.parser,javax.swing.text.rtf,javax.swing.tree,javax.swing.undo,javax.tools,javax.transaction,javax.transaction.xa,javax.xml,javax.xml.bind,javax.xml.bind.annotation,javax.xml.bind.annotation.adapters,javax.xml.bind.attachment,javax.xml.bind.helpers,javax.xml.bind.util,javax.xml.crypto,javax.xml.crypto.dom,javax.xml.crypto.dsig,javax.xml.crypto.dsig.dom,javax.xml.crypto.dsig.keyinfo,javax.xml.crypto.dsig.spec,javax.xml.datatype,javax.xml.namespace,javax.xml.parsers,javax.xml.soap,javax.xml.stream,javax.xml.stream.events,javax.xml.stream.util,javax.xml.transform,javax.xml.transform.dom,javax.xml.transform.sax,javax.xml.transform.stax,javax.xml.transform.stream,javax.xml.validation,javax.xml.ws,javax.xml.ws.handler,javax.xml.ws.handler.soap,javax.xml.ws.http,javax.xml.ws.soap,javax.xml.ws.spi,javax.xml.ws.wsaddressing,javax.xml.xpath,org.ietf.jgss,org.omg.CORBA,org.omg.CORBA_2_3,org.omg.CORBA_2_3.portable,org.omg.CORBA.DynAnyPackage,org.omg.CORBA.ORBPackage,org.omg.CORBA.portable,org.omg.CORBA.TypeCodePackage,org.omg.CosNaming,org.omg.CosNaming.NamingContextExtPackage,org.omg.CosNaming.NamingContextPackage,org.omg.Dynamic,org.omg.DynamicAny,org.omg.DynamicAny.DynAnyFactoryPackage,org.omg.DynamicAny.DynAnyPackage,org.omg.IOP,org.omg.IOP.CodecFactoryPackage,org.omg.IOP.CodecPackage,org.omg.Messaging,org.omg.PortableInterceptor,org.omg.PortableInterceptor.ORBInitInfoPackage,org.omg.PortableServer,org.omg.PortableServer.CurrentPackage,org.omg.PortableServer.POAManagerPackage,org.omg.PortableServer.POAPackage,org.omg.PortableServer.portable,org.omg.PortableServer.ServantLocatorPackage,org.omg.SendingContext,org.omg.stub.java.rmi,org.w3c.dom,org.w3c.dom.bootstrap,org.w3c.dom.css,org.w3c.dom.events,org.w3c.dom.html,org.w3c.dom.ls,org.w3c.dom.ranges,org.w3c.dom.stylesheets,org.w3c.dom.traversal,org.w3c.dom.views,org.w3c.dom.xpath,org.xml.sax,org.xml.sax.ext,org.xml.sax.helpers
2013-02-26 11:29:52,906 [logback configurator timer] INFO  o.e.m.l.configuration.LogPlugin -    org.osgi.framework.vendor=Eclipse
2013-02-26 11:29:52,906 [logback configurator timer] INFO  o.e.m.l.configuration.LogPlugin -    org.osgi.framework.version=1.5.0
2013-02-26 11:29:52,906 [logback configurator timer] INFO  o.e.m.l.configuration.LogPlugin -    org.osgi.supports.framework.extension=true
2013-02-26 11:29:52,906 [logback configurator timer] INFO  o.e.m.l.configuration.LogPlugin -    org.osgi.supports.framework.fragment=true
2013-02-26 11:29:52,906 [logback configurator timer] INFO  o.e.m.l.configuration.LogPlugin -    org.osgi.supports.framework.requirebundle=true
2013-02-26 11:29:52,906 [logback configurator timer] INFO  o.e.m.l.configuration.LogPlugin -    os.arch=x86
2013-02-26 11:29:52,906 [logback configurator timer] INFO  o.e.m.l.configuration.LogPlugin -    os.name=Windows XP
2013-02-26 11:29:52,906 [logback configurator timer] INFO  o.e.m.l.configuration.LogPlugin -    os.version=5.1
2013-02-26 11:29:52,906 [logback configurator timer] INFO  o.e.m.l.configuration.LogPlugin -    osgi.arch=x86
2013-02-26 11:29:52,906 [logback configurator timer] INFO  o.e.m.l.configuration.LogPlugin -    osgi.bundles=reference:file:org.eclipse.equinox.simpleconfigurator_1.0.200.v20100503.jar@1:start
2013-02-26 11:29:52,906 [logback configurator timer] INFO  o.e.m.l.configuration.LogPlugin -    osgi.bundles.defaultStartLevel=4
2013-02-26 11:29:52,906 [logback configurator timer] INFO  o.e.m.l.configuration.LogPlugin -    osgi.bundlestore=C:\Program Files\eclipse-java-helios-SR2-win32\configuration\org.eclipse.osgi\bundles
2013-02-26 11:29:52,906 [logback configurator timer] INFO  o.e.m.l.configuration.LogPlugin -    osgi.configuration.area=file:/C:/Program Files/eclipse-java-helios-SR2-win32/configuration/
2013-02-26 11:29:52,906 [logback configurator timer] INFO  o.e.m.l.configuration.LogPlugin -    osgi.framework=file:/c:/Program Files/eclipse-java-helios-SR2-win32/plugins/org.eclipse.osgi_3.6.2.R36x_v20110210.jar
2013-02-26 11:29:52,906 [logback configurator timer] INFO  o.e.m.l.configuration.LogPlugin -    osgi.framework.extensions=
2013-02-26 11:29:52,906 [logback configurator timer] INFO  o.e.m.l.configuration.LogPlugin -    osgi.framework.shape=jar
2013-02-26 11:29:52,906 [logback configurator timer] INFO  o.e.m.l.configuration.LogPlugin -    osgi.framework.version=3.6.2.R36x_v20110210
2013-02-26 11:29:52,906 [logback configurator timer] INFO  o.e.m.l.configuration.LogPlugin -    osgi.install.area=file:/C:/Program Files/eclipse-java-helios-SR2-win32/
2013-02-26 11:29:52,906 [logback configurator timer] INFO  o.e.m.l.configuration.LogPlugin -    osgi.instance.area=file:/C:/Documents and Settings/satish/Desktop/testrepo/
2013-02-26 11:29:52,906 [logback configurator timer] INFO  o.e.m.l.configuration.LogPlugin -    osgi.instance.area.default=file:/C:/Documents and Settings/satish/workspace/
2013-02-26 11:29:52,906 [logback configurator timer] INFO  o.e.m.l.configuration.LogPlugin -    osgi.logfile=C:\Documents and Settings\satish\Desktop\testrepo\.metadata\.log
2013-02-26 11:29:52,906 [logback configurator timer] INFO  o.e.m.l.configuration.LogPlugin -    osgi.manifest.cache=C:\Program Files\eclipse-java-helios-SR2-win32\configuration\org.eclipse.osgi\manifests
2013-02-26 11:29:52,906 [logback configurator timer] INFO  o.e.m.l.configuration.LogPlugin -    osgi.nl=en_US
2013-02-26 11:29:52,906 [logback configurator timer] INFO  o.e.m.l.configuration.LogPlugin -    osgi.os=win32
2013-02-26 11:29:52,906 [logback configurator timer] INFO  o.e.m.l.configuration.LogPlugin -    osgi.requiredJavaVersion=1.5
2013-02-26 11:29:52,906 [logback configurator timer] INFO  o.e.m.l.configuration.LogPlugin -    osgi.splashLocation=C:\Program Files\eclipse-java-helios-SR2-win32\\plugins\org.eclipse.platform_3.6.2.v201102101200\splash.bmp
2013-02-26 11:29:52,906 [logback configurator timer] INFO  o.e.m.l.configuration.LogPlugin -    osgi.splashPath=platform:/base/plugins/org.eclipse.platform
2013-02-26 11:29:52,906 [logback configurator timer] INFO  o.e.m.l.configuration.LogPlugin -    osgi.syspath=c:\Program Files\eclipse-java-helios-SR2-win32\plugins
2013-02-26 11:29:52,906 [logback configurator timer] INFO  o.e.m.l.configuration.LogPlugin -    osgi.tracefile=C:\Documents and Settings\satish\Desktop\testrepo\.metadata\trace.log
2013-02-26 11:29:52,906 [logback configurator timer] INFO  o.e.m.l.configuration.LogPlugin -    osgi.ws=win32
2013-02-26 11:29:52,906 [logback configurator timer] INFO  o.e.m.l.configuration.LogPlugin -    path.separator=;
2013-02-26 11:29:52,906 [logback configurator timer] INFO  o.e.m.l.configuration.LogPlugin -    sun.arch.data.model=32
2013-02-26 11:29:52,906 [logback configurator timer] INFO  o.e.m.l.configuration.LogPlugin -    sun.boot.class.path=C:\Program Files\Java\jre6\lib\resources.jar;C:\Program Files\Java\jre6\lib\rt.jar;C:\Program Files\Java\jre6\lib\sunrsasign.jar;C:\Program Files\Java\jre6\lib\jsse.jar;C:\Program Files\Java\jre6\lib\jce.jar;C:\Program Files\Java\jre6\lib\charsets.jar;C:\Program Files\Java\jre6\lib\modules\jdk.boot.jar;C:\Program Files\Java\jre6\classes
2013-02-26 11:29:52,906 [logback configurator timer] INFO  o.e.m.l.configuration.LogPlugin -    sun.boot.library.path=C:\Program Files\Java\jre6\bin
2013-02-26 11:29:52,906 [logback configurator timer] INFO  o.e.m.l.configuration.LogPlugin -    sun.cpu.endian=little
2013-02-26 11:29:52,906 [logback configurator timer] INFO  o.e.m.l.configuration.LogPlugin -    sun.cpu.isalist=pentium_pro+mmx pentium_pro pentium+mmx pentium i486 i386 i86
2013-02-26 11:29:52,906 [logback configurator timer] INFO  o.e.m.l.configuration.LogPlugin -    sun.desktop=windows
2013-02-26 11:29:52,906 [logback configurator timer] INFO  o.e.m.l.configuration.LogPlugin -    sun.io.unicode.encoding=UnicodeLittle
2013-02-26 11:29:52,906 [logback configurator timer] INFO  o.e.m.l.configuration.LogPlugin -    sun.jnu.encoding=Cp1252
2013-02-26 11:29:52,906 [logback configurator timer] INFO  o.e.m.l.configuration.LogPlugin -    sun.management.compiler=HotSpot Client Compiler
2013-02-26 11:29:52,906 [logback configurator timer] INFO  o.e.m.l.configuration.LogPlugin -    sun.os.patch.level=Service Pack 3
2013-02-26 11:29:52,906 [logback configurator timer] INFO  o.e.m.l.configuration.LogPlugin -    user.country=US
2013-02-26 11:29:52,906 [logback configurator timer] INFO  o.e.m.l.configuration.LogPlugin -    user.dir=C:\Program Files\eclipse-java-helios-SR2-win32
2013-02-26 11:29:52,906 [logback configurator timer] INFO  o.e.m.l.configuration.LogPlugin -    user.home=C:\Documents and Settings\satish
2013-02-26 11:29:52,906 [logback configurator timer] INFO  o.e.m.l.configuration.LogPlugin -    user.language=en
2013-02-26 11:29:52,906 [logback configurator timer] INFO  o.e.m.l.configuration.LogPlugin -    user.name=satish
2013-02-26 11:29:52,906 [logback configurator timer] INFO  o.e.m.l.configuration.LogPlugin -    user.timezone=Asia/Calcutta
2013-02-26 11:29:52,906 [logback configurator timer] INFO  o.e.m.l.configuration.LogPlugin -    user.variant=
